Log file open, 10/14/24 14:48:42
LogWindows: Failed to load 'aqProf.dll' (GetLastError=126)
LogWindows: File 'aqProf.dll' does not exist
LogWindows: Failed to load 'VtuneApi.dll' (GetLastError=126)
LogWindows: File 'VtuneApi.dll' does not exist
LogWindows: Failed to load 'VtuneApi32e.dll' (GetLastError=126)
LogWindows: File 'VtuneApi32e.dll' does not exist
LogConsoleResponse: Display: Failed to find resolution value strings in scalability ini. Falling back to default.
LogConsoleResponse: Display: Failed to find resolution value strings in scalability ini. Falling back to default.
LogInit: Display: Running engine for game: Found
LogInit: Display: Project file not found: ../../../Found/Found.uproject
LogInit: Display: 	Attempting to find via project info helper.
LogUProjectInfo: Found projects:
LogPakFile: Display: Found Pak file ../../../Found/Content/Paks/Found-WindowsNoEditor.pak attempting to mount.
LogPakFile: Display: Mounting pak file ../../../Found/Content/Paks/Found-WindowsNoEditor.pak.
LogPakFile: PakFile PrimaryIndexSize=30354
LogPakFile: PakFile PathHashIndexSize=48011
LogPakFile: PakFile FullDirectoryIndexSize=63572
LogShaderLibrary: Display: ShaderCodeLibraryPakFileMountedCallback: PakFile '../../../Found/Content/Paks/Found-WindowsNoEditor.pak' (chunk index -1, root '../../../') mounted
LogShaderLibrary: Display: ShaderCodeLibraryPakFileMountedCallback: pending pak file info (ChunkID:-1 Root:../../../ File:../../../Found/Content/Paks/Found-WindowsNoEditor.pak)
LogPakFile: OnPakFileMounted2Time == 0.000029
LogPlatformFile: Not using cached read wrapper
LogTaskGraph: Started task graph with 5 named threads and 47 total threads with 3 sets of task threads.
LogStats: Stats thread started at 0.075768
LogICUInternationalization: ICU TimeZone Detection - Raw Offset: -5:00, Platform Override: ''
LogInit: Display: Loading text-based GConfig....
LogPluginManager: Mounting plugin Paper2D
LogPluginManager: Mounting plugin AISupport
LogPluginManager: Mounting plugin EnvironmentQueryEditor
LogPluginManager: Mounting plugin LightPropagationVolume
LogPluginManager: Mounting plugin CameraShakePreviewer
LogPluginManager: Mounting plugin GameplayCameras
LogPluginManager: Mounting plugin TemplateSequence
LogPluginManager: Mounting plugin LevelSequenceEditor
LogPluginManager: Mounting plugin OodleData
LogPluginManager: Mounting plugin OodleNetwork
LogPluginManager: Mounting plugin AnimationSharing
LogPluginManager: Mounting plugin SignificanceManager
LogPluginManager: Mounting plugin PixWinPlugin
LogPluginManager: Mounting plugin PluginUtils
LogPluginManager: Mounting plugin PropertyAccessEditor
LogPluginManager: Mounting plugin UObjectPlugin
LogPluginManager: Mounting plugin AssetManagerEditor
LogPluginManager: Mounting plugin FacialAnimation
LogPluginManager: Mounting plugin GeometryMode
LogPluginManager: Mounting plugin SpeedTreeImporter
LogPluginManager: Mounting plugin DatasmithContent
LogPluginManager: Mounting plugin VariantManagerContent
LogPluginManager: Mounting plugin AlembicImporter
LogPluginManager: Mounting plugin GeometryCache
LogPluginManager: Mounting plugin AutomationUtils
LogPluginManager: Mounting plugin ScreenshotTools
LogPluginManager: Mounting plugin BackChannel
LogPluginManager: Mounting plugin ChaosClothEditor
LogPluginManager: Mounting plugin ChaosCloth
LogPluginManager: Mounting plugin ChaosEditor
LogPluginManager: Mounting plugin PlanarCut
LogPluginManager: Mounting plugin GeometryProcessing
LogPluginManager: Mounting plugin EditableMesh
LogPluginManager: Mounting plugin GeometryCollectionPlugin
LogPluginManager: Mounting plugin ProceduralMeshComponent
LogPluginManager: Mounting plugin ChaosSolverPlugin
LogPluginManager: Mounting plugin ChaosNiagara
LogPluginManager: Mounting plugin Niagara
LogPluginManager: Mounting plugin PythonScriptPlugin
LogPluginManager: Mounting plugin CharacterAI
LogPluginManager: Mounting plugin MotoSynth
LogPluginManager: Mounting plugin OpenImageDenoise
LogPluginManager: Mounting plugin PlatformCrypto
LogPluginManager: Mounting plugin MagicLeapPassableWorld
LogPluginManager: Mounting plugin MagicLeap
LogPluginManager: Mounting plugin MLSDK
LogPluginManager: Mounting plugin MagicLeapLightEstimation
LogPluginManager: Mounting plugin AvfMedia
LogPluginManager: Mounting plugin ImgMedia
LogPluginManager: Mounting plugin MediaCompositing
LogPluginManager: Mounting plugin WmfMedia
LogPluginManager: Mounting plugin MeshPainting
LogPluginManager: Mounting plugin TcpMessaging
LogPluginManager: Mounting plugin UdpMessaging
LogPluginManager: Mounting plugin ActorSequence
LogPluginManager: Mounting plugin MatineeToLevelSequence
LogPluginManager: Mounting plugin OnlineSubsystemNull
LogPluginManager: Mounting plugin OnlineSubsystem
LogPluginManager: Mounting plugin OnlineSubsystemUtils
LogPluginManager: Mounting plugin LauncherChunkInstaller
LogPluginManager: Mounting plugin ActorLayerUtilities
LogPluginManager: Mounting plugin AndroidPermission
LogPluginManager: Mounting plugin AppleImageUtils
LogPluginManager: Mounting plugin ArchVisCharacter
LogPluginManager: Mounting plugin AssetTags
LogPluginManager: Mounting plugin AudioCapture
LogPluginManager: Mounting plugin CableComponent
LogPluginManager: Mounting plugin ChunkDownloader
LogPluginManager: Mounting plugin CustomMeshComponent
LogPluginManager: Mounting plugin ExampleDeviceProfileSelector
LogPluginManager: Mounting plugin GooglePAD
LogPluginManager: Mounting plugin LocationServicesBPLibrary
LogPluginManager: Mounting plugin MobilePatchingUtils
LogPluginManager: Mounting plugin OculusVR
LogPluginManager: Mounting plugin OpenXREyeTracker
LogPluginManager: Mounting plugin OpenXR
LogPluginManager: Mounting plugin OpenXRHandTracking
LogPluginManager: Mounting plugin LiveLink
LogPluginManager: Mounting plugin Takes
LogPluginManager: Mounting plugin PhysXVehicles
LogPluginManager: Mounting plugin RuntimePhysXCooking
LogPluginManager: Mounting plugin SoundFields
LogPluginManager: Mounting plugin SteamVR
LogPluginManager: Mounting plugin Synthesis
LogPluginManager: Mounting plugin AudioSynesthesia
LogPluginManager: Mounting plugin WebMMoviePlayer
LogPluginManager: Mounting plugin WebMMedia
LogPluginManager: Mounting plugin WindowsMoviePlayer
LogPluginManager: Mounting plugin FMODStudioNiagara
LogPluginManager: Mounting plugin FMODStudio
PixWinPlugin: PIX capture plugin failed to initialize! Check that the process is launched from PIX.
LogLuminAPIImpl: Warning: MLSDK not found.  This likely means the MLSDK environment variable is not set.
LogInit: Using libcurl 7.55.1-DEV
LogInit:  - built for x86_64-pc-win32
LogInit:  - supports SSL with OpenSSL/1.1.1
LogInit:  - supports HTTP deflate (compression) using libz 1.2.8
LogInit:  - other features:
LogInit:      CURL_VERSION_SSL
LogInit:      CURL_VERSION_LIBZ
LogInit:      CURL_VERSION_IPV6
LogInit:      CURL_VERSION_ASYNCHDNS
LogInit:      CURL_VERSION_LARGEFILE
LogInit:      CURL_VERSION_IDN
LogInit:  CurlRequestOptions (configurable via config and command line):
LogInit:  - bVerifyPeer = true  - Libcurl will verify peer certificate
LogInit:  - bUseHttpProxy = false  - Libcurl will NOT use HTTP proxy
LogInit:  - bDontReuseConnections = false  - Libcurl will reuse connections
LogInit:  - MaxHostConnections = 16  - Libcurl will limit the number of connections to a host
LogInit:  - LocalHostAddr = Default
LogInit:  - BufferSize = 65536
LogOnline: OSS: Creating online subsystem instance for: NULL
LogInit: WinSock: version 1.1 (2.2), MaxSocks=32767, MaxUdp=65467
LogOnline: OSS: TryLoadSubsystemAndSetDefault: Loaded subsystem for module [NULL]
LogOculusPluginWrapper: OculusPlugin initialized successfully
LogHMD: Failed initializing OVRPlugin 1.59.0
LogInit: Build: ++UE4+Release-4.27-CL-18319896
LogInit: Engine Version: 4.27.2-18319896+++UE4+Release-4.27
LogInit: Compatible Engine Version: 4.27.0-17155196+++UE4+Release-4.27
LogInit: Net CL: 17155196
LogInit: OS: Windows 10 (Release 2009) (), CPU: Intel(R) Core(TM) i7-10700 CPU @ 2.90GHz, GPU: NVIDIA GeForce RTX 2060 SUPER
LogInit: Compiled (64-bit): Nov 30 2021 07:26:28
LogInit: Compiled with Visual C++: 19.16.27032.01
LogInit: Build Configuration: Development
LogInit: Branch Name: ++UE4+Release-4.27
LogInit: Command Line: 
LogInit: Base Directory: C:/Users/cting/OneDrive/Documents/Unreal Projects/pi-teamcosmos-found/WindowsNoEditor/Engine/Binaries/Win64/
LogInit: Allocator: binned2
LogInit: Installed Engine Build: 0
LogDevObjectVersion: Number of dev versions registered: 29
LogDevObjectVersion:   Dev-Blueprints (B0D832E4-1F89-4F0D-ACCF-7EB736FD4AA2): 10
LogDevObjectVersion:   Dev-Build (E1C64328-A22C-4D53-A36C-8E866417BD8C): 0
LogDevObjectVersion:   Dev-Core (375EC13C-06E4-48FB-B500-84F0262A717E): 4
LogDevObjectVersion:   Dev-Editor (E4B068ED-F494-42E9-A231-DA0B2E46BB41): 40
LogDevObjectVersion:   Dev-Framework (CFFC743F-43B0-4480-9391-14DF171D2073): 37
LogDevObjectVersion:   Dev-Mobile (B02B49B5-BB20-44E9-A304-32B752E40360): 3
LogDevObjectVersion:   Dev-Networking (A4E4105C-59A1-49B5-A7C5-40C4547EDFEE): 0
LogDevObjectVersion:   Dev-Online (39C831C9-5AE6-47DC-9A44-9C173E1C8E7C): 0
LogDevObjectVersion:   Dev-Physics (78F01B33-EBEA-4F98-B9B4-84EACCB95AA2): 14
LogDevObjectVersion:   Dev-Platform (6631380F-2D4D-43E0-8009-CF276956A95A): 0
LogDevObjectVersion:   Dev-Rendering (12F88B9F-8875-4AFC-A67C-D90C383ABD29): 45
LogDevObjectVersion:   Dev-Sequencer (7B5AE74C-D270-4C10-A958-57980B212A5A): 13
LogDevObjectVersion:   Dev-VR (D7296918-1DD6-4BDD-9DE2-64A83CC13884): 3
LogDevObjectVersion:   Dev-LoadTimes (C2A15278-BFE7-4AFE-6C17-90FF531DF755): 1
LogDevObjectVersion:   Private-Geometry (6EACA3D4-40EC-4CC1-B786-8BED09428FC5): 3
LogDevObjectVersion:   Dev-AnimPhys (29E575DD-E0A3-4627-9D10-D276232CDCEA): 17
LogDevObjectVersion:   Dev-Anim (AF43A65D-7FD3-4947-9873-3E8ED9C1BB05): 15
LogDevObjectVersion:   Dev-ReflectionCapture (6B266CEC-1EC7-4B8F-A30B-E4D90942FC07): 1
LogDevObjectVersion:   Dev-Automation (0DF73D61-A23F-47EA-B727-89E90C41499A): 1
LogDevObjectVersion:   FortniteMain (601D1886-AC64-4F84-AA16-D3DE0DEAC7D6): 47
LogDevObjectVersion:   FortniteRelease (E7086368-6B23-4C58-8439-1B7016265E91): 1
LogDevObjectVersion:   Dev-Enterprise (9DFFBCD6-494F-0158-E221-12823C92A888): 10
LogDevObjectVersion:   Dev-Niagara (F2AED0AC-9AFE-416F-8664-AA7FFA26D6FC): 1
LogDevObjectVersion:   Dev-Destruction (174F1F0B-B4C6-45A5-B13F-2EE8D0FB917D): 10
LogDevObjectVersion:   Dev-Physics-Ext (35F94A83-E258-406C-A318-09F59610247C): 41
LogDevObjectVersion:   Dev-PhysicsMaterial-Chaos (B68FC16E-8B1B-42E2-B453-215C058844FE): 1
LogDevObjectVersion:   Dev-CineCamera (B2E18506-4273-CFC2-A54E-F4BB758BBA07): 1
LogDevObjectVersion:   Dev-VirtualProduction (64F58936-FD1B-42BA-BA96-7289D5D0FA4E): 1
LogDevObjectVersion:   Dev-MediaFramework (6F0ED827-A609-4895-9C91-998D90180EA4): 2
LogInit: Presizing for max 2097152 objects, including 1 objects not considered by GC, pre-allocating 0 bytes for permanent pool.
LogConfig: Applying CVar settings from Section [/Script/Engine.StreamingSettings] File [../../../Found/Saved/Config/WindowsNoEditor/Engine.ini]
LogConfig: Setting CVar [[s.MinBulkDataSizeForAsyncLoading:131072]]
LogConfig: Setting CVar [[s.AsyncLoadingThreadEnabled:0]]
LogConfig: Setting CVar [[s.EventDrivenLoaderEnabled:1]]
LogConfig: Setting CVar [[s.WarnIfTimeLimitExceeded:0]]
LogConfig: Setting CVar [[s.TimeLimitExceededMultiplier:1.5]]
LogConfig: Setting CVar [[s.TimeLimitExceededMinTime:0.005]]
LogConfig: Setting CVar [[s.UseBackgroundLevelStreaming:1]]
LogConfig: Setting CVar [[s.PriorityAsyncLoadingExtraTime:15.0]]
LogConfig: Setting CVar [[s.LevelStreamingActorsUpdateTimeLimit:5.0]]
LogConfig: Setting CVar [[s.PriorityLevelStreamingActorsUpdateExtraTime:5.0]]
LogConfig: Setting CVar [[s.LevelStreamingComponentsRegistrationGranularity:10]]
LogConfig: Setting CVar [[s.UnregisterComponentsTimeLimit:1.0]]
LogConfig: Setting CVar [[s.LevelStreamingComponentsUnregistrationGranularity:5]]
LogConfig: Setting CVar [[s.FlushStreamingOnExit:1]]
LogStreaming: Display: Async Loading initialized: Event Driven Loader: true, Async Loading Thread: false, Async Post Load: true
LogInit: Object subsystem initialized
LogConfig: Setting CVar [[con.DebugEarlyDefault:1]]
LogConfig: Setting CVar [[r.setres:1280x720]]
LogConfig: Setting CVar [[fx.NiagaraAllowRuntimeScalabilityChanges:1]]
[2024.10.14-18.48.42:774][  0]LogConfig: Setting CVar [[con.DebugEarlyDefault:1]]
[2024.10.14-18.48.42:774][  0]LogConfig: Setting CVar [[r.setres:1280x720]]
[2024.10.14-18.48.42:774][  0]LogConfig: Setting CVar [[fx.NiagaraAllowRuntimeScalabilityChanges:1]]
[2024.10.14-18.48.42:774][  0]LogConfig: Applying CVar settings from Section [/Script/Engine.RendererSettings] File [../../../Found/Saved/Config/WindowsNoEditor/Engine.ini]
[2024.10.14-18.48.42:774][  0]LogConfig: Setting CVar [[r.GPUCrashDebugging:0]]
[2024.10.14-18.48.42:774][  0]LogConfig: Setting CVar [[r.MobileHDR:0]]
[2024.10.14-18.48.42:774][  0]LogConfig: Applying CVar settings from Section [/Script/Engine.RendererOverrideSettings] File [../../../Found/Saved/Config/WindowsNoEditor/Engine.ini]
[2024.10.14-18.48.42:774][  0]LogConfig: Applying CVar settings from Section [/Script/Engine.StreamingSettings] File [../../../Found/Saved/Config/WindowsNoEditor/Engine.ini]
[2024.10.14-18.48.42:774][  0]LogConfig: Setting CVar [[s.MinBulkDataSizeForAsyncLoading:131072]]
[2024.10.14-18.48.42:774][  0]LogConfig: Setting CVar [[s.AsyncLoadingThreadEnabled:0]]
[2024.10.14-18.48.42:774][  0]LogConfig: Setting CVar [[s.EventDrivenLoaderEnabled:1]]
[2024.10.14-18.48.42:774][  0]LogConfig: Setting CVar [[s.WarnIfTimeLimitExceeded:0]]
[2024.10.14-18.48.42:774][  0]LogConfig: Setting CVar [[s.TimeLimitExceededMultiplier:1.5]]
[2024.10.14-18.48.42:774][  0]LogConfig: Setting CVar [[s.TimeLimitExceededMinTime:0.005]]
[2024.10.14-18.48.42:774][  0]LogConfig: Setting CVar [[s.UseBackgroundLevelStreaming:1]]
[2024.10.14-18.48.42:774][  0]LogConfig: Setting CVar [[s.PriorityAsyncLoadingExtraTime:15.0]]
[2024.10.14-18.48.42:774][  0]LogConfig: Setting CVar [[s.LevelStreamingActorsUpdateTimeLimit:5.0]]
[2024.10.14-18.48.42:774][  0]LogConfig: Setting CVar [[s.PriorityLevelStreamingActorsUpdateExtraTime:5.0]]
[2024.10.14-18.48.42:774][  0]LogConfig: Setting CVar [[s.LevelStreamingComponentsRegistrationGranularity:10]]
[2024.10.14-18.48.42:775][  0]LogConfig: Setting CVar [[s.UnregisterComponentsTimeLimit:1.0]]
[2024.10.14-18.48.42:775][  0]LogConfig: Setting CVar [[s.LevelStreamingComponentsUnregistrationGranularity:5]]
[2024.10.14-18.48.42:775][  0]LogConfig: Setting CVar [[s.FlushStreamingOnExit:1]]
[2024.10.14-18.48.42:775][  0]LogConfig: Applying CVar settings from Section [/Script/Engine.GarbageCollectionSettings] File [../../../Found/Saved/Config/WindowsNoEditor/Engine.ini]
[2024.10.14-18.48.42:775][  0]LogConfig: Setting CVar [[gc.MaxObjectsNotConsideredByGC:1]]
[2024.10.14-18.48.42:775][  0]LogConfig: Setting CVar [[gc.SizeOfPermanentObjectPool:0]]
[2024.10.14-18.48.42:775][  0]LogConfig: Setting CVar [[gc.FlushStreamingOnGC:0]]
[2024.10.14-18.48.42:775][  0]LogConfig: Setting CVar [[gc.NumRetriesBeforeForcingGC:10]]
[2024.10.14-18.48.42:775][  0]LogConfig: Setting CVar [[gc.AllowParallelGC:1]]
[2024.10.14-18.48.42:775][  0]LogConfig: Setting CVar [[gc.TimeBetweenPurgingPendingKillObjects:61.1]]
[2024.10.14-18.48.42:775][  0]LogConfig: Setting CVar [[gc.MaxObjectsInEditor:25165824]]
[2024.10.14-18.48.42:775][  0]LogConfig: Setting CVar [[gc.IncrementalBeginDestroyEnabled:1]]
[2024.10.14-18.48.42:775][  0]LogConfig: Setting CVar [[gc.CreateGCClusters:1]]
[2024.10.14-18.48.42:775][  0]LogConfig: Setting CVar [[gc.MinGCClusterSize:5]]
[2024.10.14-18.48.42:775][  0]LogConfig: Setting CVar [[gc.ActorClusteringEnabled:0]]
[2024.10.14-18.48.42:775][  0]LogConfig: Setting CVar [[gc.BlueprintClusteringEnabled:0]]
[2024.10.14-18.48.42:775][  0]LogConfig: Setting CVar [[gc.UseDisregardForGCOnDedicatedServers:0]]
[2024.10.14-18.48.42:775][  0]LogConfig: Setting CVar [[gc.MultithreadedDestructionEnabled:1]]
[2024.10.14-18.48.42:775][  0]LogConfig: Applying CVar settings from Section [/Script/Engine.NetworkSettings] File [../../../Found/Saved/Config/WindowsNoEditor/Engine.ini]
[2024.10.14-18.48.42:787][  0]LogConfig: Applying CVar settings from Section [ViewDistanceQuality@3] File [../../../Found/Saved/Config/WindowsNoEditor/Scalability.ini]
[2024.10.14-18.48.42:787][  0]LogConfig: Setting CVar [[r.SkeletalMeshLODBias:0]]
[2024.10.14-18.48.42:787][  0]LogConfig: Setting CVar [[r.ViewDistanceScale:1.0]]
[2024.10.14-18.48.42:787][  0]LogConfig: Applying CVar settings from Section [AntiAliasingQuality@3] File [../../../Found/Saved/Config/WindowsNoEditor/Scalability.ini]
[2024.10.14-18.48.42:787][  0]LogConfig: Setting CVar [[r.PostProcessAAQuality:4]]
[2024.10.14-18.48.42:787][  0]LogConfig: Applying CVar settings from Section [ShadowQuality@3] File [../../../Found/Saved/Config/WindowsNoEditor/Scalability.ini]
[2024.10.14-18.48.42:787][  0]LogConfig: Setting CVar [[r.LightFunctionQuality:1]]
[2024.10.14-18.48.42:787][  0]LogConfig: Setting CVar [[r.ShadowQuality:5]]
[2024.10.14-18.48.42:787][  0]LogConfig: Setting CVar [[r.Shadow.CSM.MaxCascades:10]]
[2024.10.14-18.48.42:787][  0]LogConfig: Setting CVar [[r.Shadow.MaxResolution:2048]]
[2024.10.14-18.48.42:787][  0]LogConfig: Setting CVar [[r.Shadow.MaxCSMResolution:2048]]
[2024.10.14-18.48.42:787][  0]LogConfig: Setting CVar [[r.Shadow.RadiusThreshold:0.01]]
[2024.10.14-18.48.42:787][  0]LogConfig: Setting CVar [[r.Shadow.DistanceScale:1.0]]
[2024.10.14-18.48.42:787][  0]LogConfig: Setting CVar [[r.Shadow.CSM.TransitionScale:1.0]]
[2024.10.14-18.48.42:787][  0]LogConfig: Setting CVar [[r.Shadow.PreShadowResolutionFactor:1.0]]
[2024.10.14-18.48.42:787][  0]LogConfig: Setting CVar [[r.DistanceFieldShadowing:1]]
[2024.10.14-18.48.42:787][  0]LogConfig: Setting CVar [[r.DistanceFieldAO:1]]
[2024.10.14-18.48.42:787][  0]LogConfig: Setting CVar [[r.AOQuality:2]]
[2024.10.14-18.48.42:787][  0]LogConfig: Setting CVar [[r.VolumetricFog:1]]
[2024.10.14-18.48.42:787][  0]LogConfig: Setting CVar [[r.VolumetricFog.GridPixelSize:8]]
[2024.10.14-18.48.42:787][  0]LogConfig: Setting CVar [[r.VolumetricFog.GridSizeZ:128]]
[2024.10.14-18.48.42:787][  0]LogConfig: Setting CVar [[r.VolumetricFog.HistoryMissSupersampleCount:4]]
[2024.10.14-18.48.42:787][  0]LogConfig: Setting CVar [[r.LightMaxDrawDistanceScale:1]]
[2024.10.14-18.48.42:787][  0]LogConfig: Setting CVar [[r.CapsuleShadows:1]]
[2024.10.14-18.48.42:787][  0]LogConfig: Applying CVar settings from Section [PostProcessQuality@3] File [../../../Found/Saved/Config/WindowsNoEditor/Scalability.ini]
[2024.10.14-18.48.42:787][  0]LogConfig: Setting CVar [[r.MotionBlurQuality:4]]
[2024.10.14-18.48.42:787][  0]LogConfig: Setting CVar [[r.AmbientOcclusionMipLevelFactor:0.4]]
[2024.10.14-18.48.42:787][  0]LogConfig: Setting CVar [[r.AmbientOcclusionMaxQuality:100]]
[2024.10.14-18.48.42:787][  0]LogConfig: Setting CVar [[r.AmbientOcclusionLevels:-1]]
[2024.10.14-18.48.42:787][  0]LogConfig: Setting CVar [[r.AmbientOcclusionRadiusScale:1.0]]
[2024.10.14-18.48.42:787][  0]LogConfig: Setting CVar [[r.DepthOfFieldQuality:2]]
[2024.10.14-18.48.42:787][  0]LogConfig: Setting CVar [[r.RenderTargetPoolMin:400]]
[2024.10.14-18.48.42:787][  0]LogConfig: Setting CVar [[r.LensFlareQuality:2]]
[2024.10.14-18.48.42:787][  0]LogConfig: Setting CVar [[r.SceneColorFringeQuality:1]]
[2024.10.14-18.48.42:787][  0]LogConfig: Setting CVar [[r.EyeAdaptationQuality:2]]
[2024.10.14-18.48.42:787][  0]LogConfig: Setting CVar [[r.BloomQuality:5]]
[2024.10.14-18.48.42:787][  0]LogConfig: Setting CVar [[r.FastBlurThreshold:100]]
[2024.10.14-18.48.42:787][  0]LogConfig: Setting CVar [[r.Upscale.Quality:3]]
[2024.10.14-18.48.42:787][  0]LogConfig: Setting CVar [[r.Tonemapper.GrainQuantization:1]]
[2024.10.14-18.48.42:787][  0]LogConfig: Setting CVar [[r.LightShaftQuality:1]]
[2024.10.14-18.48.42:787][  0]LogConfig: Setting CVar [[r.Filter.SizeScale:1]]
[2024.10.14-18.48.42:787][  0]LogConfig: Setting CVar [[r.Tonemapper.Quality:5]]
[2024.10.14-18.48.42:787][  0]LogConfig: Setting CVar [[r.DOF.Gather.AccumulatorQuality:1        ; higher gathering accumulator quality]]
[2024.10.14-18.48.42:787][  0]LogConfig: Setting CVar [[r.DOF.Gather.PostfilterMethod:1          ; Median3x3 postfilering method]]
[2024.10.14-18.48.42:787][  0]LogConfig: Setting CVar [[r.DOF.Gather.EnableBokehSettings:0       ; no bokeh simulation when gathering]]
[2024.10.14-18.48.42:787][  0]LogConfig: Setting CVar [[r.DOF.Gather.RingCount:4                 ; medium number of samples when gathering]]
[2024.10.14-18.48.42:787][  0]LogConfig: Setting CVar [[r.DOF.Scatter.ForegroundCompositing:1    ; additive foreground scattering]]
[2024.10.14-18.48.42:787][  0]LogConfig: Setting CVar [[r.DOF.Scatter.BackgroundCompositing:2    ; additive background scattering]]
[2024.10.14-18.48.42:787][  0]LogConfig: Setting CVar [[r.DOF.Scatter.EnableBokehSettings:1      ; bokeh simulation when scattering]]
[2024.10.14-18.48.42:787][  0]LogConfig: Setting CVar [[r.DOF.Scatter.MaxSpriteRatio:0.1         ; only a maximum of 10% of scattered bokeh]]
[2024.10.14-18.48.42:787][  0]LogConfig: Setting CVar [[r.DOF.Recombine.Quality:1                ; cheap slight out of focus]]
[2024.10.14-18.48.42:787][  0]LogConfig: Setting CVar [[r.DOF.Recombine.EnableBokehSettings:0    ; no bokeh simulation on slight out of focus]]
[2024.10.14-18.48.42:787][  0]LogConfig: Setting CVar [[r.DOF.TemporalAAQuality:1                ; more stable temporal accumulation]]
[2024.10.14-18.48.42:787][  0]LogConfig: Setting CVar [[r.DOF.Kernel.MaxForegroundRadius:0.025]]
[2024.10.14-18.48.42:787][  0]LogConfig: Setting CVar [[r.DOF.Kernel.MaxBackgroundRadius:0.025]]
[2024.10.14-18.48.42:787][  0]LogConfig: Applying CVar settings from Section [TextureQuality@3] File [../../../Found/Saved/Config/WindowsNoEditor/Scalability.ini]
[2024.10.14-18.48.42:787][  0]LogConfig: Setting CVar [[r.Streaming.MipBias:0]]
[2024.10.14-18.48.42:787][  0]LogConfig: Setting CVar [[r.Streaming.AmortizeCPUToGPUCopy:0]]
[2024.10.14-18.48.42:787][  0]LogConfig: Setting CVar [[r.Streaming.MaxNumTexturesToStreamPerFrame:0]]
[2024.10.14-18.48.42:787][  0]LogConfig: Setting CVar [[r.Streaming.Boost:1]]
[2024.10.14-18.48.42:787][  0]LogConfig: Setting CVar [[r.MaxAnisotropy:8]]
[2024.10.14-18.48.42:787][  0]LogConfig: Setting CVar [[r.VT.MaxAnisotropy:8]]
[2024.10.14-18.48.42:787][  0]LogConfig: Setting CVar [[r.Streaming.LimitPoolSizeToVRAM:0]]
[2024.10.14-18.48.42:787][  0]LogConfig: Setting CVar [[r.Streaming.PoolSize:1000]]
[2024.10.14-18.48.42:787][  0]LogConfig: Setting CVar [[r.Streaming.MaxEffectiveScreenSize:0]]
[2024.10.14-18.48.42:787][  0]LogConfig: Applying CVar settings from Section [EffectsQuality@3] File [../../../Found/Saved/Config/WindowsNoEditor/Scalability.ini]
[2024.10.14-18.48.42:787][  0]LogConfig: Setting CVar [[r.TranslucencyLightingVolumeDim:64]]
[2024.10.14-18.48.42:787][  0]LogConfig: Setting CVar [[r.RefractionQuality:2]]
[2024.10.14-18.48.42:787][  0]LogConfig: Setting CVar [[r.SSR.Quality:3]]
[2024.10.14-18.48.42:787][  0]LogConfig: Setting CVar [[r.SSR.HalfResSceneColor:0]]
[2024.10.14-18.48.42:787][  0]LogConfig: Setting CVar [[r.SceneColorFormat:4]]
[2024.10.14-18.48.42:787][  0]LogConfig: Setting CVar [[r.DetailMode:2]]
[2024.10.14-18.48.42:787][  0]LogConfig: Setting CVar [[r.TranslucencyVolumeBlur:1]]
[2024.10.14-18.48.42:787][  0]LogConfig: Setting CVar [[r.MaterialQualityLevel:1 ; High quality]]
[2024.10.14-18.48.42:787][  0]LogConfig: Setting CVar [[r.AnisotropicMaterials:1]]
[2024.10.14-18.48.42:787][  0]LogConfig: Setting CVar [[r.SSS.Scale:1]]
[2024.10.14-18.48.42:787][  0]LogConfig: Setting CVar [[r.SSS.SampleSet:2]]
[2024.10.14-18.48.42:787][  0]LogConfig: Setting CVar [[r.SSS.Quality:1]]
[2024.10.14-18.48.42:787][  0]LogConfig: Setting CVar [[r.SSS.HalfRes:0]]
[2024.10.14-18.48.42:787][  0]LogConfig: Setting CVar [[r.SSGI.Quality:3]]
[2024.10.14-18.48.42:787][  0]LogConfig: Setting CVar [[r.EmitterSpawnRateScale:1.0]]
[2024.10.14-18.48.42:787][  0]LogConfig: Setting CVar [[r.ParticleLightQuality:2]]
[2024.10.14-18.48.42:787][  0]LogConfig: Setting CVar [[r.SkyAtmosphere.AerialPerspectiveLUT.FastApplyOnOpaque:1 ; Always have FastSkyLUT 1 in this case to avoid wrong sky]]
[2024.10.14-18.48.42:787][  0]LogConfig: Setting CVar [[r.SkyAtmosphere.AerialPerspectiveLUT.SampleCountMaxPerSlice:4]]
[2024.10.14-18.48.42:787][  0]LogConfig: Setting CVar [[r.SkyAtmosphere.AerialPerspectiveLUT.DepthResolution:16.0]]
[2024.10.14-18.48.42:787][  0]LogConfig: Setting CVar [[r.SkyAtmosphere.FastSkyLUT:1]]
[2024.10.14-18.48.42:787][  0]LogConfig: Setting CVar [[r.SkyAtmosphere.FastSkyLUT.SampleCountMin:4.0]]
[2024.10.14-18.48.42:787][  0]LogConfig: Setting CVar [[r.SkyAtmosphere.FastSkyLUT.SampleCountMax:128.0]]
[2024.10.14-18.48.42:787][  0]LogConfig: Setting CVar [[r.SkyAtmosphere.SampleCountMin:4.0]]
[2024.10.14-18.48.42:787][  0]LogConfig: Setting CVar [[r.SkyAtmosphere.SampleCountMax:128.0]]
[2024.10.14-18.48.42:787][  0]LogConfig: Setting CVar [[r.SkyAtmosphere.TransmittanceLUT.UseSmallFormat:0]]
[2024.10.14-18.48.42:787][  0]LogConfig: Setting CVar [[r.SkyAtmosphere.TransmittanceLUT.SampleCount:10.0]]
[2024.10.14-18.48.42:788][  0]LogConfig: Setting CVar [[r.SkyAtmosphere.MultiScatteringLUT.SampleCount:15.0]]
[2024.10.14-18.48.42:788][  0]LogConfig: Setting CVar [[r.SkyLight.RealTimeReflectionCapture:1]]
[2024.10.14-18.48.42:788][  0]LogConfig: Setting CVar [[fx.Niagara.QualityLevel:3]]
[2024.10.14-18.48.42:788][  0]LogConfig: Applying CVar settings from Section [FoliageQuality@3] File [../../../Found/Saved/Config/WindowsNoEditor/Scalability.ini]
[2024.10.14-18.48.42:788][  0]LogConfig: Setting CVar [[foliage.DensityScale:1.0]]
[2024.10.14-18.48.42:788][  0]LogConfig: Setting CVar [[grass.DensityScale:1.0]]
[2024.10.14-18.48.42:788][  0]LogConfig: Applying CVar settings from Section [ShadingQuality@3] File [../../../Found/Saved/Config/WindowsNoEditor/Scalability.ini]
[2024.10.14-18.48.42:788][  0]LogConfig: Setting CVar [[r.HairStrands.SkyLighting.IntegrationType:2]]
[2024.10.14-18.48.42:788][  0]LogConfig: Setting CVar [[r.HairStrands.SkyAO.SampleCount:4]]
[2024.10.14-18.48.42:788][  0]LogConfig: Setting CVar [[r.HairStrands.Visibility.MSAA.SamplePerPixel:4]]
[2024.10.14-18.48.42:788][  0]LogInit: Selected Device Profile: [WindowsNoEditor]
[2024.10.14-18.48.42:788][  0]LogInit: Applying CVar settings loaded from the selected device profile: [WindowsNoEditor]
[2024.10.14-18.48.42:788][  0]LogHAL: Display: Platform has ~ 16 GB [17035911168 / 17179869184 / 16], which maps to Larger [LargestMinGB=32, LargerMinGB=12, DefaultMinGB=8, SmallerMinGB=6, SmallestMinGB=0)
[2024.10.14-18.48.42:788][  0]LogInit: Going up to parent DeviceProfile [Windows]
[2024.10.14-18.48.42:788][  0]LogInit: Going up to parent DeviceProfile []
[2024.10.14-18.48.42:788][  0]LogConfig: Applying CVar settings from Section [ViewDistanceQuality@3] File [../../../Found/Saved/Config/WindowsNoEditor/Scalability.ini]
[2024.10.14-18.48.42:788][  0]LogConfig: Setting CVar [[r.SkeletalMeshLODBias:0]]
[2024.10.14-18.48.42:788][  0]LogConfig: Setting CVar [[r.ViewDistanceScale:1.0]]
[2024.10.14-18.48.42:788][  0]LogConfig: Applying CVar settings from Section [AntiAliasingQuality@3] File [../../../Found/Saved/Config/WindowsNoEditor/Scalability.ini]
[2024.10.14-18.48.42:788][  0]LogConfig: Setting CVar [[r.PostProcessAAQuality:4]]
[2024.10.14-18.48.42:788][  0]LogConfig: Applying CVar settings from Section [ShadowQuality@3] File [../../../Found/Saved/Config/WindowsNoEditor/Scalability.ini]
[2024.10.14-18.48.42:788][  0]LogConfig: Setting CVar [[r.LightFunctionQuality:1]]
[2024.10.14-18.48.42:788][  0]LogConfig: Setting CVar [[r.ShadowQuality:5]]
[2024.10.14-18.48.42:788][  0]LogConfig: Setting CVar [[r.Shadow.CSM.MaxCascades:10]]
[2024.10.14-18.48.42:788][  0]LogConfig: Setting CVar [[r.Shadow.MaxResolution:2048]]
[2024.10.14-18.48.42:788][  0]LogConfig: Setting CVar [[r.Shadow.MaxCSMResolution:2048]]
[2024.10.14-18.48.42:788][  0]LogConfig: Setting CVar [[r.Shadow.RadiusThreshold:0.01]]
[2024.10.14-18.48.42:788][  0]LogConfig: Setting CVar [[r.Shadow.DistanceScale:1.0]]
[2024.10.14-18.48.42:788][  0]LogConfig: Setting CVar [[r.Shadow.CSM.TransitionScale:1.0]]
[2024.10.14-18.48.42:788][  0]LogConfig: Setting CVar [[r.Shadow.PreShadowResolutionFactor:1.0]]
[2024.10.14-18.48.42:788][  0]LogConfig: Setting CVar [[r.DistanceFieldShadowing:1]]
[2024.10.14-18.48.42:788][  0]LogConfig: Setting CVar [[r.DistanceFieldAO:1]]
[2024.10.14-18.48.42:788][  0]LogConfig: Setting CVar [[r.AOQuality:2]]
[2024.10.14-18.48.42:788][  0]LogConfig: Setting CVar [[r.VolumetricFog:1]]
[2024.10.14-18.48.42:788][  0]LogConfig: Setting CVar [[r.VolumetricFog.GridPixelSize:8]]
[2024.10.14-18.48.42:788][  0]LogConfig: Setting CVar [[r.VolumetricFog.GridSizeZ:128]]
[2024.10.14-18.48.42:788][  0]LogConfig: Setting CVar [[r.VolumetricFog.HistoryMissSupersampleCount:4]]
[2024.10.14-18.48.42:788][  0]LogConfig: Setting CVar [[r.LightMaxDrawDistanceScale:1]]
[2024.10.14-18.48.42:788][  0]LogConfig: Setting CVar [[r.CapsuleShadows:1]]
[2024.10.14-18.48.42:788][  0]LogConfig: Applying CVar settings from Section [PostProcessQuality@3] File [../../../Found/Saved/Config/WindowsNoEditor/Scalability.ini]
[2024.10.14-18.48.42:788][  0]LogConfig: Setting CVar [[r.MotionBlurQuality:4]]
[2024.10.14-18.48.42:788][  0]LogConfig: Setting CVar [[r.AmbientOcclusionMipLevelFactor:0.4]]
[2024.10.14-18.48.42:788][  0]LogConfig: Setting CVar [[r.AmbientOcclusionMaxQuality:100]]
[2024.10.14-18.48.42:788][  0]LogConfig: Setting CVar [[r.AmbientOcclusionLevels:-1]]
[2024.10.14-18.48.42:788][  0]LogConfig: Setting CVar [[r.AmbientOcclusionRadiusScale:1.0]]
[2024.10.14-18.48.42:788][  0]LogConfig: Setting CVar [[r.DepthOfFieldQuality:2]]
[2024.10.14-18.48.42:788][  0]LogConfig: Setting CVar [[r.RenderTargetPoolMin:400]]
[2024.10.14-18.48.42:788][  0]LogConfig: Setting CVar [[r.LensFlareQuality:2]]
[2024.10.14-18.48.42:788][  0]LogConfig: Setting CVar [[r.SceneColorFringeQuality:1]]
[2024.10.14-18.48.42:788][  0]LogConfig: Setting CVar [[r.EyeAdaptationQuality:2]]
[2024.10.14-18.48.42:788][  0]LogConfig: Setting CVar [[r.BloomQuality:5]]
[2024.10.14-18.48.42:788][  0]LogConfig: Setting CVar [[r.FastBlurThreshold:100]]
[2024.10.14-18.48.42:788][  0]LogConfig: Setting CVar [[r.Upscale.Quality:3]]
[2024.10.14-18.48.42:788][  0]LogConfig: Setting CVar [[r.Tonemapper.GrainQuantization:1]]
[2024.10.14-18.48.42:788][  0]LogConfig: Setting CVar [[r.LightShaftQuality:1]]
[2024.10.14-18.48.42:788][  0]LogConfig: Setting CVar [[r.Filter.SizeScale:1]]
[2024.10.14-18.48.42:788][  0]LogConfig: Setting CVar [[r.Tonemapper.Quality:5]]
[2024.10.14-18.48.42:788][  0]LogConfig: Setting CVar [[r.DOF.Gather.AccumulatorQuality:1        ; higher gathering accumulator quality]]
[2024.10.14-18.48.42:788][  0]LogConfig: Setting CVar [[r.DOF.Gather.PostfilterMethod:1          ; Median3x3 postfilering method]]
[2024.10.14-18.48.42:788][  0]LogConfig: Setting CVar [[r.DOF.Gather.EnableBokehSettings:0       ; no bokeh simulation when gathering]]
[2024.10.14-18.48.42:788][  0]LogConfig: Setting CVar [[r.DOF.Gather.RingCount:4                 ; medium number of samples when gathering]]
[2024.10.14-18.48.42:788][  0]LogConfig: Setting CVar [[r.DOF.Scatter.ForegroundCompositing:1    ; additive foreground scattering]]
[2024.10.14-18.48.42:788][  0]LogConfig: Setting CVar [[r.DOF.Scatter.BackgroundCompositing:2    ; additive background scattering]]
[2024.10.14-18.48.42:788][  0]LogConfig: Setting CVar [[r.DOF.Scatter.EnableBokehSettings:1      ; bokeh simulation when scattering]]
[2024.10.14-18.48.42:788][  0]LogConfig: Setting CVar [[r.DOF.Scatter.MaxSpriteRatio:0.1         ; only a maximum of 10% of scattered bokeh]]
[2024.10.14-18.48.42:788][  0]LogConfig: Setting CVar [[r.DOF.Recombine.Quality:1                ; cheap slight out of focus]]
[2024.10.14-18.48.42:788][  0]LogConfig: Setting CVar [[r.DOF.Recombine.EnableBokehSettings:0    ; no bokeh simulation on slight out of focus]]
[2024.10.14-18.48.42:788][  0]LogConfig: Setting CVar [[r.DOF.TemporalAAQuality:1                ; more stable temporal accumulation]]
[2024.10.14-18.48.42:788][  0]LogConfig: Setting CVar [[r.DOF.Kernel.MaxForegroundRadius:0.025]]
[2024.10.14-18.48.42:788][  0]LogConfig: Setting CVar [[r.DOF.Kernel.MaxBackgroundRadius:0.025]]
[2024.10.14-18.48.42:788][  0]LogConfig: Applying CVar settings from Section [TextureQuality@3] File [../../../Found/Saved/Config/WindowsNoEditor/Scalability.ini]
[2024.10.14-18.48.42:788][  0]LogConfig: Setting CVar [[r.Streaming.MipBias:0]]
[2024.10.14-18.48.42:788][  0]LogConfig: Setting CVar [[r.Streaming.AmortizeCPUToGPUCopy:0]]
[2024.10.14-18.48.42:788][  0]LogConfig: Setting CVar [[r.Streaming.MaxNumTexturesToStreamPerFrame:0]]
[2024.10.14-18.48.42:788][  0]LogConfig: Setting CVar [[r.Streaming.Boost:1]]
[2024.10.14-18.48.42:788][  0]LogConfig: Setting CVar [[r.MaxAnisotropy:8]]
[2024.10.14-18.48.42:788][  0]LogConfig: Setting CVar [[r.VT.MaxAnisotropy:8]]
[2024.10.14-18.48.42:788][  0]LogConfig: Setting CVar [[r.Streaming.LimitPoolSizeToVRAM:0]]
[2024.10.14-18.48.42:788][  0]LogConfig: Setting CVar [[r.Streaming.PoolSize:1000]]
[2024.10.14-18.48.42:788][  0]LogConfig: Setting CVar [[r.Streaming.MaxEffectiveScreenSize:0]]
[2024.10.14-18.48.42:788][  0]LogConfig: Applying CVar settings from Section [EffectsQuality@3] File [../../../Found/Saved/Config/WindowsNoEditor/Scalability.ini]
[2024.10.14-18.48.42:788][  0]LogConfig: Setting CVar [[r.TranslucencyLightingVolumeDim:64]]
[2024.10.14-18.48.42:788][  0]LogConfig: Setting CVar [[r.RefractionQuality:2]]
[2024.10.14-18.48.42:788][  0]LogConfig: Setting CVar [[r.SSR.Quality:3]]
[2024.10.14-18.48.42:788][  0]LogConfig: Setting CVar [[r.SSR.HalfResSceneColor:0]]
[2024.10.14-18.48.42:788][  0]LogConfig: Setting CVar [[r.SceneColorFormat:4]]
[2024.10.14-18.48.42:788][  0]LogConfig: Setting CVar [[r.DetailMode:2]]
[2024.10.14-18.48.42:788][  0]LogConfig: Setting CVar [[r.TranslucencyVolumeBlur:1]]
[2024.10.14-18.48.42:788][  0]LogConfig: Setting CVar [[r.MaterialQualityLevel:1 ; High quality]]
[2024.10.14-18.48.42:788][  0]LogConfig: Setting CVar [[r.AnisotropicMaterials:1]]
[2024.10.14-18.48.42:788][  0]LogConfig: Setting CVar [[r.SSS.Scale:1]]
[2024.10.14-18.48.42:788][  0]LogConfig: Setting CVar [[r.SSS.SampleSet:2]]
[2024.10.14-18.48.42:788][  0]LogConfig: Setting CVar [[r.SSS.Quality:1]]
[2024.10.14-18.48.42:788][  0]LogConfig: Setting CVar [[r.SSS.HalfRes:0]]
[2024.10.14-18.48.42:788][  0]LogConfig: Setting CVar [[r.SSGI.Quality:3]]
[2024.10.14-18.48.42:788][  0]LogConfig: Setting CVar [[r.EmitterSpawnRateScale:1.0]]
[2024.10.14-18.48.42:788][  0]LogConfig: Setting CVar [[r.ParticleLightQuality:2]]
[2024.10.14-18.48.42:788][  0]LogConfig: Setting CVar [[r.SkyAtmosphere.AerialPerspectiveLUT.FastApplyOnOpaque:1 ; Always have FastSkyLUT 1 in this case to avoid wrong sky]]
[2024.10.14-18.48.42:788][  0]LogConfig: Setting CVar [[r.SkyAtmosphere.AerialPerspectiveLUT.SampleCountMaxPerSlice:4]]
[2024.10.14-18.48.42:788][  0]LogConfig: Setting CVar [[r.SkyAtmosphere.AerialPerspectiveLUT.DepthResolution:16.0]]
[2024.10.14-18.48.42:788][  0]LogConfig: Setting CVar [[r.SkyAtmosphere.FastSkyLUT:1]]
[2024.10.14-18.48.42:788][  0]LogConfig: Setting CVar [[r.SkyAtmosphere.FastSkyLUT.SampleCountMin:4.0]]
[2024.10.14-18.48.42:788][  0]LogConfig: Setting CVar [[r.SkyAtmosphere.FastSkyLUT.SampleCountMax:128.0]]
[2024.10.14-18.48.42:788][  0]LogConfig: Setting CVar [[r.SkyAtmosphere.SampleCountMin:4.0]]
[2024.10.14-18.48.42:788][  0]LogConfig: Setting CVar [[r.SkyAtmosphere.SampleCountMax:128.0]]
[2024.10.14-18.48.42:788][  0]LogConfig: Setting CVar [[r.SkyAtmosphere.TransmittanceLUT.UseSmallFormat:0]]
[2024.10.14-18.48.42:788][  0]LogConfig: Setting CVar [[r.SkyAtmosphere.TransmittanceLUT.SampleCount:10.0]]
[2024.10.14-18.48.42:788][  0]LogConfig: Setting CVar [[r.SkyAtmosphere.MultiScatteringLUT.SampleCount:15.0]]
[2024.10.14-18.48.42:788][  0]LogConfig: Setting CVar [[r.SkyLight.RealTimeReflectionCapture:1]]
[2024.10.14-18.48.42:788][  0]LogConfig: Setting CVar [[fx.Niagara.QualityLevel:3]]
[2024.10.14-18.48.42:788][  0]LogConfig: Applying CVar settings from Section [FoliageQuality@3] File [../../../Found/Saved/Config/WindowsNoEditor/Scalability.ini]
[2024.10.14-18.48.42:788][  0]LogConfig: Setting CVar [[foliage.DensityScale:1.0]]
[2024.10.14-18.48.42:788][  0]LogConfig: Setting CVar [[grass.DensityScale:1.0]]
[2024.10.14-18.48.42:788][  0]LogConfig: Applying CVar settings from Section [ShadingQuality@3] File [../../../Found/Saved/Config/WindowsNoEditor/Scalability.ini]
[2024.10.14-18.48.42:788][  0]LogConfig: Setting CVar [[r.HairStrands.SkyLighting.IntegrationType:2]]
[2024.10.14-18.48.42:788][  0]LogConfig: Setting CVar [[r.HairStrands.SkyAO.SampleCount:4]]
[2024.10.14-18.48.42:788][  0]LogConfig: Setting CVar [[r.HairStrands.Visibility.MSAA.SamplePerPixel:4]]
[2024.10.14-18.48.42:789][  0]LogConfig: Applying CVar settings from Section [Startup] File [../../../Engine/Config/ConsoleVariables.ini]
[2024.10.14-18.48.42:789][  0]LogConfig: Setting CVar [[net.UseAdaptiveNetUpdateFrequency:0]]
[2024.10.14-18.48.42:789][  0]LogConfig: Setting CVar [[p.chaos.AllowCreatePhysxBodies:1]]
[2024.10.14-18.48.42:789][  0]LogConfig: Setting CVar [[fx.SkipVectorVMBackendOptimizations:1]]
[2024.10.14-18.48.42:789][  0]LogConfig: Applying CVar settings from Section [ConsoleVariables] File [../../../Found/Saved/Config/WindowsNoEditor/Engine.ini]
[2024.10.14-18.48.42:789][  0]LogInit: Computer: CLAY-PC
[2024.10.14-18.48.42:789][  0]LogInit: User: cting
[2024.10.14-18.48.42:789][  0]LogInit: CPU Page size=4096, Cores=8
[2024.10.14-18.48.42:789][  0]LogInit: High frequency timer resolution =10.000000 MHz
[2024.10.14-18.48.42:789][  0]LogMemory: Memory total: Physical=15.9GB (16GB approx)
[2024.10.14-18.48.42:789][  0]LogMemory: Platform Memory Stats for WindowsNoEditor
[2024.10.14-18.48.42:789][  0]LogMemory: Process Physical Memory: 80.84 MB used, 80.84 MB peak
[2024.10.14-18.48.42:789][  0]LogMemory: Process Virtual Memory: 82.54 MB used, 82.54 MB peak
[2024.10.14-18.48.42:789][  0]LogMemory: Physical Memory: 7444.64 MB used,  8802.07 MB free, 16246.71 MB total
[2024.10.14-18.48.42:789][  0]LogMemory: Virtual Memory: 134204496.00 MB used,  13231.10 MB free, 134217728.00 MB total
[2024.10.14-18.48.42:790][  0]LogWindows: WindowsPlatformFeatures enabled
[2024.10.14-18.48.42:813][  0]LogInit: Physics initialised using underlying interface: PhysX
[2024.10.14-18.48.42:813][  0]LogInit: Using OS detected language (en-US).
[2024.10.14-18.48.42:814][  0]LogInit: Using OS detected locale (en-US).
[2024.10.14-18.48.42:814][  0]LogTextLocalizationManager: No specific localization for 'en-US' exists, so the 'en' localization will be used.
[2024.10.14-18.48.42:832][  0]LogWindowsTextInputMethodSystem: Display: IME system deactivated.
[2024.10.14-18.48.42:848][  0]LogSlate: New Slate User Created.  User Index 0, Is Virtual User: 0
[2024.10.14-18.48.42:848][  0]LogSlate: Slate User Registered.  User Index 0, Is Virtual User: 0
[2024.10.14-18.48.42:869][  0]LogD3D11RHI: Loaded GFSDK_Aftermath_Lib.x64.dll
[2024.10.14-18.48.42:872][  0]LogHMD: Failed to initialize OpenVR with code 110
[2024.10.14-18.48.42:872][  0]LogD3D11RHI: D3D11 min allowed feature level: 11_0
[2024.10.14-18.48.42:872][  0]LogD3D11RHI: D3D11 max allowed feature level: 11_0
[2024.10.14-18.48.42:872][  0]LogD3D11RHI: D3D11 adapters:
[2024.10.14-18.48.42:961][  0]LogD3D11RHI:    0. 'NVIDIA GeForce RTX 2060 SUPER' (Feature Level 11_0)
[2024.10.14-18.48.42:961][  0]LogD3D11RHI:       8006/0/8123 MB DedicatedVideo/DedicatedSystem/SharedSystem, Outputs:2, VendorId:0x10de
[2024.10.14-18.48.42:962][  0]LogD3D11RHI:    1. 'Microsoft Basic Render Driver' (Feature Level 11_0)
[2024.10.14-18.48.42:962][  0]LogD3D11RHI:       0/0/8123 MB DedicatedVideo/DedicatedSystem/SharedSystem, Outputs:0, VendorId:0x1414
[2024.10.14-18.48.42:962][  0]LogD3D11RHI: Chosen D3D11 Adapter:
[2024.10.14-18.48.42:962][  0]LogD3D11RHI:     Description : NVIDIA GeForce RTX 2060 SUPER
[2024.10.14-18.48.42:962][  0]LogD3D11RHI:     VendorId    : 10de
[2024.10.14-18.48.42:962][  0]LogD3D11RHI:     DeviceId    : 1f06
[2024.10.14-18.48.42:962][  0]LogD3D11RHI:     SubSysId    : 8702103c
[2024.10.14-18.48.42:962][  0]LogD3D11RHI:     Revision    : 00a1
[2024.10.14-18.48.42:962][  0]LogD3D11RHI:     DedicatedVideoMemory : 8394899456 bytes
[2024.10.14-18.48.42:962][  0]LogD3D11RHI:     DedicatedSystemMemory : 0 bytes
[2024.10.14-18.48.42:962][  0]LogD3D11RHI:     SharedSystemMemory : 8517955584 bytes
[2024.10.14-18.48.42:962][  0]LogD3D11RHI:     AdapterLuid : 0 61777
[2024.10.14-18.48.42:968][  0]LogD3D11RHI: Creating new Direct3DDevice
[2024.10.14-18.48.42:968][  0]LogD3D11RHI:     GPU DeviceId: 0x1f06 (for the marketing name, search the web for "GPU Device Id")
[2024.10.14-18.48.42:968][  0]LogWindows: EnumDisplayDevices:
[2024.10.14-18.48.42:968][  0]LogWindows:    0. 'NVIDIA GeForce RTX 2060 SUPER' (P:1 D:1)
[2024.10.14-18.48.42:968][  0]LogWindows:    1. 'NVIDIA GeForce RTX 2060 SUPER' (P:0 D:1)
[2024.10.14-18.48.42:969][  0]LogWindows:    2. 'NVIDIA GeForce RTX 2060 SUPER' (P:0 D:0)
[2024.10.14-18.48.42:969][  0]LogWindows:    3. 'NVIDIA GeForce RTX 2060 SUPER' (P:0 D:0)
[2024.10.14-18.48.42:969][  0]LogWindows: DebugString: FoundDriverCount:4 
[2024.10.14-18.48.42:969][  0]LogD3D11RHI:     Adapter Name: NVIDIA GeForce RTX 2060 SUPER
[2024.10.14-18.48.42:969][  0]LogD3D11RHI:   Driver Version: 561.09 (internal:32.0.15.6109, unified:561.09)
[2024.10.14-18.48.42:969][  0]LogD3D11RHI:      Driver Date: 9-5-2024
[2024.10.14-18.48.42:969][  0]LogRHI: Texture pool is 5604 MB (70% of 8006 MB)
[2024.10.14-18.48.42:969][  0]LogD3D11RHI: Creating D3DDevice using adapter:
[2024.10.14-18.48.42:969][  0]LogD3D11RHI:     Description : NVIDIA GeForce RTX 2060 SUPER
[2024.10.14-18.48.42:969][  0]LogD3D11RHI:     VendorId    : 10de
[2024.10.14-18.48.42:969][  0]LogD3D11RHI:     DeviceId    : 1f06
[2024.10.14-18.48.42:969][  0]LogD3D11RHI:     SubSysId    : 8702103c
[2024.10.14-18.48.42:969][  0]LogD3D11RHI:     Revision    : 00a1
[2024.10.14-18.48.42:969][  0]LogD3D11RHI:     DedicatedVideoMemory : 8394899456 bytes
[2024.10.14-18.48.42:969][  0]LogD3D11RHI:     DedicatedSystemMemory : 0 bytes
[2024.10.14-18.48.42:969][  0]LogD3D11RHI:     SharedSystemMemory : 8517955584 bytes
[2024.10.14-18.48.42:969][  0]LogD3D11RHI:     AdapterLuid : 0 61777
[2024.10.14-18.48.43:029][  0]LogD3D11RHI: RHI has support for 64 bit atomics
[2024.10.14-18.48.43:029][  0]LogD3D11RHI: Async texture creation enabled
[2024.10.14-18.48.43:029][  0]LogD3D11RHI: Array index from any shader is supported
[2024.10.14-18.48.43:054][  0]LogD3D11RHI: GPU Timing Frequency: 1000.000000 (Debug: 2 2)
[2024.10.14-18.48.43:088][  0]LogRHI: GeForceNow SDK initialized: 1
[2024.10.14-18.48.43:088][  0]LogRendererCore: Ray tracing is disabled. Reason: r.RayTracing=0.
[2024.10.14-18.48.43:090][  0]LogShaderLibrary: Display: Using ../../../Found/Content/ShaderArchive-Global-PCD3D_SM5.ushaderbytecode for material shader code. Total 1951 unique shaders.
[2024.10.14-18.48.43:090][  0]LogShaderLibrary: Display: Cooked Context: Using Shared Shader Library Global
[2024.10.14-18.48.43:090][  0]LogShaderLibrary: Display: Logical shader library 'Global' has been created, components 1
[2024.10.14-18.48.43:091][  0]LogTemp: Warning: Clearing the OS Cache
[2024.10.14-18.48.43:091][  0]LogODSC: ODSC Thread active.
[2024.10.14-18.48.43:093][  0]LogPakFile: New pak file ../../../Found/Content/Paks/Found-WindowsNoEditor.pak added to pak precacher.
[2024.10.14-18.48.43:110][  0]LogSlate: Using FreeType 2.10.0
[2024.10.14-18.48.43:110][  0]LogSlate: SlateFontServices - WITH_FREETYPE: 1, WITH_HARFBUZZ: 1
[2024.10.14-18.48.43:142][  0]LogShaderLibrary: Display: Using ../../../Found/Content/ShaderArchive-Found-PCD3D_SM5.ushaderbytecode for material shader code. Total 1464 unique shaders.
[2024.10.14-18.48.43:142][  0]LogShaderLibrary: Display: Cooked Context: Using Shared Shader Library Found
[2024.10.14-18.48.43:142][  0]LogShaderLibrary: Display: Logical shader library 'Found' has been created, components 1
[2024.10.14-18.48.43:142][  0]LogRHI: Display: Opened pipeline cache after state change and enqueued 0 of 0 tasks for precompile.
[2024.10.14-18.48.43:142][  0]LogShaderLibrary: Display: Using ../../../Found/Content/ShaderArchive-Found-PCD3D_SM5.ushaderbytecode for material shader code. Total 1464 unique shaders.
[2024.10.14-18.48.43:142][  0]LogShaderLibrary: Display: Cooked Context: Using Shared Shader Library Found
[2024.10.14-18.48.43:142][  0]LogRHI: Display: Opened pipeline cache after state change and enqueued 0 of 0 tasks for precompile.
[2024.10.14-18.48.43:142][  0]LogRHI: Display: Failed to open default shader pipeline cache for Found using shader platform 0.
[2024.10.14-18.48.43:142][  0]LogRHI: Display: Failed to open default shader pipeline cache for Found using shader platform 0.
[2024.10.14-18.48.43:143][  0]LogInit: Using OS detected language (en-US).
[2024.10.14-18.48.43:143][  0]LogInit: Using OS detected locale (en-US).
[2024.10.14-18.48.43:143][  0]LogTextLocalizationManager: No localization for 'en-US' exists, so 'en' will be used for the language.
[2024.10.14-18.48.43:143][  0]LogTextLocalizationManager: No localization for 'en-US' exists, so 'en' will be used for the locale.
[2024.10.14-18.48.43:143][  0]LogSlate: FontCache flush requested. Reason: Culture for localization was changed
[2024.10.14-18.48.43:143][  0]LogSlate: FontCache flush requested. Reason: Culture for localization was changed
[2024.10.14-18.48.43:144][  0]LogTextLocalizationManager: Compacting localization data took   0.77ms
[2024.10.14-18.48.43:144][  0]LogAssetRegistry: FAssetRegistry took 0.0009 seconds to start up
[2024.10.14-18.48.43:199][  0]LogStreaming: Display: FlushAsyncLoading: 1 QueuedPackages, 0 AsyncPackages
[2024.10.14-18.48.43:200][  0]LogPackageLocalizationCache: Processed 28 localized package path(s) for 1 prioritized culture(s) in 0.000046 seconds
[2024.10.14-18.48.43:205][  0]LogSerialization: Display: AllowBulkDataInIoStore: 'true'
[2024.10.14-18.48.43:205][  0]LogInit: Selected Device Profile: [WindowsNoEditor]
[2024.10.14-18.48.43:205][  0]LogInit: Active device profile: [000001B43DE46940][000001B42D570010 49] WindowsNoEditor
[2024.10.14-18.48.43:205][  0]LogInit: Profiles: [000001B43DE467C0][000001B4398024A0 49] Windows, [000001B43DE46940][000001B42D570010 49] WindowsNoEditor, 
[2024.10.14-18.48.43:226][  0]LogNetVersion: Found 1.0.0, NetCL: 17155196, EngineNetVer: 17, GameNetVer: 0 (Checksum: 431901807)
[2024.10.14-18.48.43:257][  0]LogAudioCaptureCore: Display: No Audio Capture implementations found. Audio input will be silent.
[2024.10.14-18.48.43:257][  0]LogAudioCaptureCore: Display: No Audio Capture implementations found. Audio input will be silent.
[2024.10.14-18.48.43:257][  0]LogHMD: PokeAHoleMaterial loaded successfully
[2024.10.14-18.48.43:273][  0]LogMoviePlayer: Initializing movie player
[2024.10.14-18.48.43:273][  0]LogNiagaraDebuggerClient: Niagara Debugger Client Initialized | Session: 9D9984684EB5AEAF9B74D0A485A07193 | Instance: 4868D04E4FFB4C78D1FD17BC975DA14F (CLAY-PC-12020).
[2024.10.14-18.48.43:274][  0]LogModuleManager: Warning: ModuleManager: Module 'FMODStudio' not found - its StaticallyLinkedModuleInitializers function is null.
[2024.10.14-18.48.44:288][  0]Message dialog closed, result: Ok, title: Message, text: Plugin 'FMODStudio' failed to load because module 'FMODStudio' could not be found.  Please ensure the plugin is properly installed, otherwise consider disabling the plugin for this project.
[2024.10.14-18.48.44:288][  0]LogCore: Engine exit requested (reason: EngineExit() was called)
[2024.10.14-18.48.44:288][  0]LogSlate: Request Window 'Found (64-bit Development PCD3D_SM5) ' being destroyed
[2024.10.14-18.48.44:288][  0]LogSlate: Window 'Found (64-bit Development PCD3D_SM5) ' being destroyed
[2024.10.14-18.48.44:289][  0]LogWindowsTextInputMethodSystem: Display: IME system deactivated.
[2024.10.14-18.48.44:298][  0]LogSlate: Slate User Destroyed.  User Index 0, Is Virtual User: 0
[2024.10.14-18.48.44:298][  0]LogExit: Preparing to exit.
[2024.10.14-18.48.44:298][  0]LogMoviePlayer: Shutting down movie player
[2024.10.14-18.48.44:299][  0]LogUObjectArray: CloseDisregardForGC: 15769/15769 objects in disregard for GC pool
[2024.10.14-18.48.44:304][  0]LogDemo: Cleaned up 0 splitscreen connections with owner deletion
[2024.10.14-18.48.44:319][  0]LogExit: Object subsystem successfully closed.
[2024.10.14-18.48.44:329][  0]LogModuleManager: Shutting down and abandoning module AudioSynesthesia (222)
[2024.10.14-18.48.44:329][  0]LogModuleManager: Shutting down and abandoning module AudioSynesthesiaCore (220)
[2024.10.14-18.48.44:329][  0]LogModuleManager: Shutting down and abandoning module SoundFields (218)
[2024.10.14-18.48.44:329][  0]LogModuleManager: Shutting down and abandoning module RuntimePhysXCooking (216)
[2024.10.14-18.48.44:329][  0]LogModuleManager: Shutting down and abandoning module LocationServicesBPLibrary (212)
[2024.10.14-18.48.44:329][  0]LogModuleManager: Shutting down and abandoning module ActorSequence (210)
[2024.10.14-18.48.44:329][  0]LogModuleManager: Shutting down and abandoning module UdpMessaging (208)
[2024.10.14-18.48.44:329][  0]LogModuleManager: Shutting down and abandoning module TcpMessaging (206)
[2024.10.14-18.48.44:329][  0]LogModuleManager: Shutting down and abandoning module ImgMediaEngine (204)
[2024.10.14-18.48.44:329][  0]LogModuleManager: Shutting down and abandoning module MagicLeapHandMeshing (202)
[2024.10.14-18.48.44:329][  0]LogModuleManager: Shutting down and abandoning module MagicLeapSecureStorage (200)
[2024.10.14-18.48.44:329][  0]LogModuleManager: Shutting down and abandoning module MagicLeapPrivileges (198)
[2024.10.14-18.48.44:329][  0]LogModuleManager: Shutting down and abandoning module MagicLeapPlanes (196)
[2024.10.14-18.48.44:329][  0]LogModuleManager: Shutting down and abandoning module MagicLeapImageTracker (194)
[2024.10.14-18.48.44:329][  0]LogModuleManager: Shutting down and abandoning module MagicLeapIdentity (192)
[2024.10.14-18.48.44:329][  0]LogModuleManager: Shutting down and abandoning module MagicLeapHandTracking (190)
[2024.10.14-18.48.44:329][  0]LogModuleManager: Shutting down and abandoning module MagicLeapEyeTracker (188)
[2024.10.14-18.48.44:329][  0]LogModuleManager: Shutting down and abandoning module MagicLeapController (186)
[2024.10.14-18.48.44:329][  0]LogModuleManager: Shutting down and abandoning module MagicLeapARPinImpl (184)
[2024.10.14-18.48.44:329][  0]LogModuleManager: Shutting down and abandoning module MagicLeapAR (182)
[2024.10.14-18.48.44:329][  0]LogModuleManager: Shutting down and abandoning module MagicLeapARPin (180)
[2024.10.14-18.48.44:329][  0]LogModuleManager: Shutting down and abandoning module NiagaraAnimNotifies (178)
[2024.10.14-18.48.44:329][  0]LogModuleManager: Shutting down and abandoning module Niagara (176)
[2024.10.14-18.48.44:329][  0]LogModuleManager: Shutting down and abandoning module SignalProcessing (175)
[2024.10.14-18.48.44:329][  0]LogModuleManager: Shutting down and abandoning module NiagaraCore (172)
[2024.10.14-18.48.44:329][  0]LogModuleManager: Shutting down and abandoning module FacialAnimation (170)
[2024.10.14-18.48.44:329][  0]LogModuleManager: Shutting down and abandoning module SignificanceManager (168)
[2024.10.14-18.48.44:329][  0]LogModuleManager: Shutting down and abandoning module AnimationSharing (166)
[2024.10.14-18.48.44:329][  0]LogModuleManager: Shutting down and abandoning module GameplayCameras (164)
[2024.10.14-18.48.44:329][  0]LogModuleManager: Shutting down and abandoning module LightPropagationVolumeRuntime (162)
[2024.10.14-18.48.44:329][  0]LogModuleManager: Shutting down and abandoning module Paper2D (160)
[2024.10.14-18.48.44:329][  0]LogModuleManager: Shutting down and abandoning module WindowsMoviePlayer (158)
[2024.10.14-18.48.44:329][  0]LogModuleManager: Shutting down and abandoning module WebMMoviePlayer (156)
[2024.10.14-18.48.44:329][  0]LogModuleManager: Shutting down and abandoning module NetworkReplayStreaming (154)
[2024.10.14-18.48.44:330][  0]LogModuleManager: Shutting down and abandoning module PacketHandler (152)
[2024.10.14-18.48.44:330][  0]LogModuleManager: Shutting down and abandoning module ClothingSystemRuntimeNv (150)
[2024.10.14-18.48.44:330][  0]LogModuleManager: Shutting down and abandoning module MediaAssets (148)
[2024.10.14-18.48.44:330][  0]LogModuleManager: Shutting down and abandoning module Overlay (146)
[2024.10.14-18.48.44:330][  0]LogModuleManager: Shutting down and abandoning module FunctionalTesting (144)
[2024.10.14-18.48.44:330][  0]LogModuleManager: Shutting down and abandoning module MessageLog (142)
[2024.10.14-18.48.44:330][  0]LogModuleManager: Shutting down and abandoning module UMG (140)
[2024.10.14-18.48.44:330][  0]LogModuleManager: Shutting down and abandoning module SlateReflector (138)
[2024.10.14-18.48.44:330][  0]LogModuleManager: Shutting down and abandoning module Slate (136)
[2024.10.14-18.48.44:330][  0]LogModuleManager: Shutting down and abandoning module SlateCore (134)
[2024.10.14-18.48.44:330][  0]LogModuleManager: Shutting down and abandoning module MRMesh (132)
[2024.10.14-18.48.44:330][  0]LogModuleManager: Shutting down and abandoning module Messaging (130)
[2024.10.14-18.48.44:330][  0]LogModuleManager: Shutting down and abandoning module HeadMountedDisplay (128)
[2024.10.14-18.48.44:330][  0]LogModuleManager: Shutting down and abandoning module XAudio2 (126)
[2024.10.14-18.48.44:330][  0]LogModuleManager: Shutting down and abandoning module Networking (124)
[2024.10.14-18.48.44:330][  0]LogModuleManager: Shutting down and abandoning module Core (122)
[2024.10.14-18.48.44:330][  0]LogModuleManager: Shutting down and abandoning module FieldSystemEngine (120)
[2024.10.14-18.48.44:330][  0]LogModuleManager: Shutting down and abandoning module ImageWrapper (116)
[2024.10.14-18.48.44:330][  0]LogModuleManager: Shutting down and abandoning module D3D11RHI (114)
[2024.10.14-18.48.44:330][  0]LogModuleManager: Shutting down and abandoning module InputCore (112)
[2024.10.14-18.48.44:330][  0]LogModuleManager: Shutting down and abandoning module Settings (110)
[2024.10.14-18.48.44:330][  0]LogModuleManager: Shutting down and abandoning module PhysXCooking (108)
[2024.10.14-18.48.44:330][  0]LogModuleManager: Shutting down and abandoning module Chaos (106)
[2024.10.14-18.48.44:330][  0]LogModuleManager: Shutting down and abandoning module WindowsPlatformFeatures (104)
[2024.10.14-18.48.44:330][  0]LogModuleManager: Shutting down and abandoning module GameplayMediaEncoder (103)
[2024.10.14-18.48.44:330][  0]LogModuleManager: Shutting down and abandoning module AVEncoder (102)
[2024.10.14-18.48.44:330][  0]LogModuleManager: Shutting down and abandoning module SteamVRInputDevice (98)
[2024.10.14-18.48.44:330][  0]LogModuleManager: Shutting down and abandoning module SteamVRInput (96)
[2024.10.14-18.48.44:330][  0]LogModuleManager: Shutting down and abandoning module SteamVR (94)
[2024.10.14-18.48.44:330][  0]LogHMD: Freeing OpenVRDLLHandle.
[2024.10.14-18.48.44:330][  0]LogModuleManager: Shutting down and abandoning module OpenXRHandTracking (92)
[2024.10.14-18.48.44:330][  0]LogModuleManager: Shutting down and abandoning module OpenXRAR (90)
[2024.10.14-18.48.44:331][  0]LogModuleManager: Shutting down and abandoning module AugmentedReality (89)
[2024.10.14-18.48.44:331][  0]LogModuleManager: Shutting down and abandoning module OpenXRHMD (86)
[2024.10.14-18.48.44:331][  0]LogModuleManager: Shutting down and abandoning module OpenXREyeTracker (84)
[2024.10.14-18.48.44:331][  0]LogModuleManager: Shutting down and abandoning module OculusHMD (82)
[2024.10.14-18.48.44:331][  0]LogModuleManager: Shutting down and abandoning module ExampleDeviceProfileSelector (80)
[2024.10.14-18.48.44:331][  0]LogModuleManager: Shutting down and abandoning module ChunkDownloader (78)
[2024.10.14-18.48.44:331][  0]LogModuleManager: Shutting down and abandoning module LauncherChunkInstaller (76)
[2024.10.14-18.48.44:331][  0]LogModuleManager: Shutting down and abandoning module OnlineSubsystem (72)
[2024.10.14-18.48.44:331][  0]LogModuleManager: Shutting down and abandoning module HTTP (67)
[2024.10.14-18.48.44:331][  0]LogHttp: Display: cleaning up 0 outstanding Http requests.
[2024.10.14-18.48.44:347][  0]LogModuleManager: Shutting down and abandoning module SSL (66)
[2024.10.14-18.48.44:347][  0]LogModuleManager: Shutting down and abandoning module WmfMedia (62)
[2024.10.14-18.48.44:348][  0]LogModuleManager: Shutting down and abandoning module Media (61)
[2024.10.14-18.48.44:348][  0]LogModuleManager: Shutting down and abandoning module MediaInfo (60)
[2024.10.14-18.48.44:348][  0]LogModuleManager: Shutting down and abandoning module ExrReaderGpu (56)
[2024.10.14-18.48.44:348][  0]LogModuleManager: Shutting down and abandoning module MLSDK (54)
[2024.10.14-18.48.44:348][  0]LogModuleManager: Shutting down and abandoning module MagicLeap (52)
[2024.10.14-18.48.44:348][  0]LogModuleManager: Shutting down and abandoning module NiagaraVertexFactories (50)
[2024.10.14-18.48.44:348][  0]LogModuleManager: Shutting down and abandoning module NiagaraShader (48)
[2024.10.14-18.48.44:348][  0]LogModuleManager: Shutting down and abandoning module ChaosCloth (46)
[2024.10.14-18.48.44:348][  0]LogModuleManager: Shutting down and abandoning module VariantManagerContent (44)
[2024.10.14-18.48.44:348][  0]LogModuleManager: Shutting down and abandoning module DatasmithContent (42)
[2024.10.14-18.48.44:348][  0]LogModuleManager: Shutting down and abandoning module PixWinPlugin (40)
[2024.10.14-18.48.44:348][  0]LogModuleManager: Shutting down and abandoning module AISupportModule (38)
[2024.10.14-18.48.44:348][  0]LogModuleManager: Shutting down and abandoning module PlatformCryptoOpenSSL (36)
[2024.10.14-18.48.44:348][  0]LogModuleManager: Shutting down and abandoning module PlatformCryptoTypes (34)
[2024.10.14-18.48.44:348][  0]LogModuleManager: Shutting down and abandoning module PlatformCrypto (32)
[2024.10.14-18.48.44:348][  0]LogModuleManager: Shutting down and abandoning module PythonScriptPluginPreload (30)
[2024.10.14-18.48.44:348][  0]LogModuleManager: Shutting down and abandoning module OodleDataCompressionFormat (28)
[2024.10.14-18.48.44:348][  0]LogModuleManager: Shutting down and abandoning module RenderCore (26)
[2024.10.14-18.48.44:348][  0]LogModuleManager: Shutting down and abandoning module Landscape (24)
[2024.10.14-18.48.44:348][  0]LogModuleManager: Shutting down and abandoning module SlateRHIRenderer (22)
[2024.10.14-18.48.44:348][  0]LogModuleManager: Shutting down and abandoning module AnimGraphRuntime (20)
[2024.10.14-18.48.44:348][  0]LogModuleManager: Shutting down and abandoning module Renderer (18)
[2024.10.14-18.48.44:348][  0]LogModuleManager: Shutting down and abandoning module Engine (16)
[2024.10.14-18.48.44:348][  0]LogModuleManager: Shutting down and abandoning module CoreUObject (14)
[2024.10.14-18.48.44:348][  0]LogModuleManager: Shutting down and abandoning module NetworkFile (12)
[2024.10.14-18.48.44:348][  0]LogModuleManager: Shutting down and abandoning module CookedIterativeFile (10)
[2024.10.14-18.48.44:348][  0]LogModuleManager: Shutting down and abandoning module StreamingFile (8)
[2024.10.14-18.48.44:348][  0]LogModuleManager: Shutting down and abandoning module SandboxFile (6)
[2024.10.14-18.48.44:348][  0]LogModuleManager: Shutting down and abandoning module PakFile (4)
[2024.10.14-18.48.44:349][  0]LogModuleManager: Shutting down and abandoning module RSA (3)
[2024.10.14-18.48.44:349][  0]LogContentStreaming: Display: There are 1 unreleased StreamingManagers
[2024.10.14-18.48.44:353][  0]LogD3D11RHI: Shutdown
[2024.10.14-18.48.44:353][  0]LogD3D11RHI: CleanupD3DDevice
[2024.10.14-18.48.44:353][  0]LogExit: Exiting.
[2024.10.14-18.48.44:369][  0]Log file closed, 10/14/24 14:48:44
